<?xml version="1.0" encoding="UTF-8"?>
<!-- Generated by org.testng.reporters.JUnitReportReporter -->
<testsuite skipped="0" hostname="acla016p2850" name="com.qa.tests.PostApiTest" tests="1" failures="0" timestamp="23 May 2018 11:30:19 GMT" time="1.864" errors="0">
  <testcase name="postAPITest" time="1.864" classname="com.qa.tests.PostApiTest"/>
</testsuite> <!-- com.qa.tests.PostApiTest -->
