<?xml version="1.0" encoding="UTF-8"?>
<!-- Generated by org.testng.reporters.JUnitReportReporter -->
<testsuite skipped="0" hostname="acla016p2850" name="com.qa.tests.GetApiTest" tests="2" failures="0" timestamp="23 May 2018 11:29:40 GMT" time="3.223" errors="0">
  <testcase name="getAPITestWithoutHeaders" time="2.362" classname="com.qa.tests.GetApiTest"/>
  <testcase name="getAPITestWithHeaders" time="0.861" classname="com.qa.tests.GetApiTest"/>
</testsuite> <!-- com.qa.tests.GetApiTest -->
